# JRE version: Java(TM) SE Runtime Environment (8.0_192-b12) (build 1.8.0_192-b12)
# Java VM: Java HotSpot(TM) 64-Bit Server VM (25.192-b12 mixed mode bsd-amd64 compressed oops)
Heap:
 PSYoungGen      total 385024K, used 265808K [0x000000076ab00000, 0x0000000783400000, 0x00000007c0000000)
  eden space 372736K, 68% used [0x000000076ab00000,0x000000077a4408b0,0x0000000781700000)
  from space 12288K, 86% used [0x0000000782800000,0x0000000783253a58,0x0000000783400000)
  to   space 14848K, 0% used [0x0000000781700000,0x0000000781700000,0x0000000782580000)
 ParOldGen       total 194560K, used 27689K [0x00000006c0000000, 0x00000006cbe00000, 0x000000076ab00000)
  object space 194560K, 14% used [0x00000006c0000000,0x00000006c1b0a720,0x00000006cbe00000)
 Metaspace       used 75351K, capacity 80128K, committed 80384K, reserved 1118208K
  class space    used 10197K, capacity 10929K, committed 11008K, reserved 1048576K
GC Heap History (10 events):
Event: 7.078 GC heap before
{Heap before GC invocations=13 (full 2):
 PSYoungGen      total 249344K, used 248939K [0x000000076ab00000, 0x000000077c180000, 0x00000007c0000000)
  eden space 241152K, 100% used [0x000000076ab00000,0x0000000779680000,0x0000000779680000)
  from space 8192K, 95% used [0x000000077b980000,0x000000077c11af70,0x000000077c180000)
  to   space 10240K, 0% used [0x000000077ad80000,0x000000077ad80000,0x000000077b780000)
 ParOldGen       total 136704K, used 11859K [0x00000006c0000000, 0x00000006c8580000, 0x000000076ab00000)
  object space 136704K, 8% used [0x00000006c0000000,0x00000006c0b94fc8,0x00000006c8580000)
 Metaspace       used 51508K, capacity 53902K, committed 54016K, reserved 1095680K
  class space    used 6943K, capacity 7372K, committed 7424K, reserved 1048576K
Event: 7.088 GC heap after
Heap after GC invocations=13 (full 2):
 PSYoungGen      total 274944K, used 10230K [0x000000076ab00000, 0x000000077f600000, 0x00000007c0000000)
  eden space 264704K, 0% used [0x000000076ab00000,0x000000076ab00000,0x000000077ad80000)
  from space 10240K, 99% used [0x000000077ad80000,0x000000077b77dbd8,0x000000077b780000)
  to   space 12800K, 0% used [0x000000077e980000,0x000000077e980000,0x000000077f600000)
 ParOldGen       total 136704K, used 16244K [0x00000006c0000000, 0x00000006c8580000, 0x000000076ab00000)
  object space 136704K, 11% used [0x00000006c0000000,0x00000006c0fdd190,0x00000006c8580000)
 Metaspace       used 51508K, capacity 53902K, committed 54016K, reserved 1095680K
  class space    used 6943K, capacity 7372K, committed 7424K, reserved 1048576K
}
Event: 7.576 GC heap before
{Heap before GC invocations=14 (full 2):
 PSYoungGen      total 274944K, used 103278K [0x000000076ab00000, 0x000000077f600000, 0x00000007c0000000)
  eden space 264704K, 35% used [0x000000076ab00000,0x00000007705ddce8,0x000000077ad80000)
  from space 10240K, 99% used [0x000000077ad80000,0x000000077b77dbd8,0x000000077b780000)
  to   space 12800K, 0% used [0x000000077e980000,0x000000077e980000,0x000000077f600000)
 ParOldGen       total 136704K, used 16244K [0x00000006c0000000, 0x00000006c8580000, 0x000000076ab00000)
  object space 136704K, 11% used [0x00000006c0000000,0x00000006c0fdd190,0x00000006c8580000)
 Metaspace       used 56606K, capacity 59110K, committed 59160K, reserved 1099776K
  class space    used 7606K, capacity 8046K, committed 8064K, reserved 1048576K
Event: 7.584 GC heap after
Heap after GC invocations=14 (full 2):
 PSYoungGen      total 326144K, used 5208K [0x000000076ab00000, 0x0000000781480000, 0x00000007c0000000)
  eden space 313344K, 0% used [0x000000076ab00000,0x000000076ab00000,0x000000077dd00000)
  from space 12800K, 40% used [0x000000077e980000,0x000000077ee96210,0x000000077f600000)
  to   space 12800K, 0% used [0x000000077dd00000,0x000000077dd00000,0x000000077e980000)
 ParOldGen       total 136704K, used 19765K [0x00000006c0000000, 0x00000006c8580000, 0x000000076ab00000)
  object space 136704K, 14% used [0x00000006c0000000,0x00000006c134d598,0x00000006c8580000)
 Metaspace       used 56606K, capacity 59110K, committed 59160K, reserved 1099776K
  class space    used 7606K, capacity 8046K, committed 8064K, reserved 1048576K
}
Event: 7.584 GC heap before
{Heap before GC invocations=15 (full 3):
 PSYoungGen      total 326144K, used 5208K [0x000000076ab00000, 0x0000000781480000, 0x00000007c0000000)
  eden space 313344K, 0% used [0x000000076ab00000,0x000000076ab00000,0x000000077dd00000)
  from space 12800K, 40% used [0x000000077e980000,0x000000077ee96210,0x000000077f600000)
  to   space 12800K, 0% used [0x000000077dd00000,0x000000077dd00000,0x000000077e980000)
 ParOldGen       total 136704K, used 19765K [0x00000006c0000000, 0x00000006c8580000, 0x000000076ab00000)
  object space 136704K, 14% used [0x00000006c0000000,0x00000006c134d598,0x00000006c8580000)
 Metaspace       used 56606K, capacity 59110K, committed 59160K, reserved 1099776K
  class space    used 7606K, capacity 8046K, committed 8064K, reserved 1048576K
Event: 7.715 GC heap after
Heap after GC invocations=15 (full 3):
 PSYoungGen      total 326144K, used 0K [0x000000076ab00000, 0x0000000781480000, 0x00000007c0000000)
  eden space 313344K, 0% used [0x000000076ab00000,0x000000076ab00000,0x000000077dd00000)
  from space 12800K, 0% used [0x000000077e980000,0x000000077e980000,0x000000077f600000)
  to   space 12800K, 0% used [0x000000077dd00000,0x000000077dd00000,0x000000077e980000)
 ParOldGen       total 194560K, used 21233K [0x00000006c0000000, 0x00000006cbe00000, 0x000000076ab00000)
  object space 194560K, 10% used [0x00000006c0000000,0x00000006c14bc628,0x00000006cbe00000)
 Metaspace       used 56606K, capacity 59110K, committed 59160K, reserved 1099776K
  class space    used 7606K, capacity 8046K, committed 8064K, reserved 1048576K
}
Event: 9.564 GC heap before
{Heap before GC invocations=16 (full 3):
 PSYoungGen      total 326144K, used 313344K [0x000000076ab00000, 0x0000000781480000, 0x00000007c0000000)
  eden space 313344K, 100% used [0x000000076ab00000,0x000000077dd00000,0x000000077dd00000)
  from space 12800K, 0% used [0x000000077e980000,0x000000077e980000,0x000000077f600000)
  to   space 12800K, 0% used [0x000000077dd00000,0x000000077dd00000,0x000000077e980000)
 ParOldGen       total 194560K, used 21233K [0x00000006c0000000, 0x00000006cbe00000, 0x000000076ab00000)
  object space 194560K, 10% used [0x00000006c0000000,0x00000006c14bc628,0x00000006cbe00000)
 Metaspace       used 66494K, capacity 69998K, committed 70272K, reserved 1110016K
  class space    used 8961K, capacity 9516K, committed 9600K, reserved 1048576K
Event: 9.574 GC heap after
Heap after GC invocations=16 (full 3):
 PSYoungGen      total 326144K, used 12774K [0x000000076ab00000, 0x0000000783600000, 0x00000007c0000000)
  eden space 313344K, 0% used [0x000000076ab00000,0x000000076ab00000,0x000000077dd00000)
  from space 12800K, 99% used [0x000000077dd00000,0x000000077e979ac8,0x000000077e980000)
  to   space 14336K, 0% used [0x0000000782800000,0x0000000782800000,0x0000000783600000)
 ParOldGen       total 194560K, used 21539K [0x00000006c0000000, 0x00000006cbe00000, 0x000000076ab00000)
  object space 194560K, 11% used [0x00000006c0000000,0x00000006c1508d40,0x00000006cbe00000)
 Metaspace       used 66494K, capacity 69998K, committed 70272K, reserved 1110016K
  class space    used 8961K, capacity 9516K, committed 9600K, reserved 1048576K
}
Event: 10.879 GC heap before
{Heap before GC invocations=17 (full 3):
 PSYoungGen      total 326144K, used 326118K [0x000000076ab00000, 0x0000000783600000, 0x00000007c0000000)
  eden space 313344K, 100% used [0x000000076ab00000,0x000000077dd00000,0x000000077dd00000)
  from space 12800K, 99% used [0x000000077dd00000,0x000000077e979ac8,0x000000077e980000)
  to   space 14336K, 0% used [0x0000000782800000,0x0000000782800000,0x0000000783600000)
 ParOldGen       total 194560K, used 21539K [0x00000006c0000000, 0x00000006cbe00000, 0x000000076ab00000)
  object space 194560K, 11% used [0x00000006c0000000,0x00000006c1508d40,0x00000006cbe00000)
 Metaspace       used 70917K, capacity 75198K, committed 75264K, reserved 1114112K
  class space    used 9529K, capacity 10218K, committed 10240K, reserved 1048576K
Event: 10.891 GC heap after
Heap after GC invocations=17 (full 3):
 PSYoungGen      total 385024K, used 10574K [0x000000076ab00000, 0x0000000783400000, 0x00000007c0000000)
  eden space 372736K, 0% used [0x000000076ab00000,0x000000076ab00000,0x0000000781700000)
  from space 12288K, 86% used [0x0000000782800000,0x0000000783253a58,0x0000000783400000)
  to   space 14848K, 0% used [0x0000000781700000,0x0000000781700000,0x0000000782580000)
 ParOldGen       total 194560K, used 27689K [0x00000006c0000000, 0x00000006cbe00000, 0x000000076ab00000)
  object space 194560K, 14% used [0x00000006c0000000,0x00000006c1b0a720,0x00000006cbe00000)
 Metaspace       used 70917K, capacity 75198K, committed 75264K, reserved 1114112K
  class space    used 9529K, capacity 10218K, committed 10240K, reserved 1048576K
}

